<?xml version="1.0" encoding="UTF-8"?>
<!-- Generated by org.testng.reporters.JUnitXMLReporter -->
<testsuite ignored="5" hostname="Shumson" failures="0" tests="4" name="Test" time="0.158" errors="0" timestamp="2023-12-17T12:15:25 EST">
  <testcase classname="group1.Home_loan" name="MobileLoginHomeLoan" time="0.025"/>
  <testcase classname="group1.Home_loan" name="WebLoginHomeLoan" time="0.003"/>
  <testcase classname="group1.Car_loan" name="APILoginCarLoan" time="0.004"/>
  <testcase classname="group1.Personal_loan" name="WebLoginPersonalLoan" time="0.003"/>
  <testcase classname="group1.Car_loan" name="WebLoginCarLoan" time="0.0">
    <ignored/>
  </testcase> <!-- WebLoginCarLoan -->
  <testcase classname="group1.Personal_loan" name="MobileLoginPersonalLoan" time="0.0">
    <ignored/>
  </testcase> <!-- MobileLoginPersonalLoan -->
  <testcase classname="group1.Car_loan" name="MobileLoginCarLoan" time="0.0">
    <ignored/>
  </testcase> <!-- MobileLoginCarLoan -->
  <testcase classname="group1.Personal_loan" name="APILoginPersonalLoan" time="0.0">
    <ignored/>
  </testcase> <!-- APILoginPersonalLoan -->
  <testcase classname="group1.Home_loan" name="APILoginHomeLoan" time="0.0">
    <ignored/>
  </testcase> <!-- APILoginHomeLoan -->
</testsuite> <!-- Test -->
