<?xml version="1.0" encoding="UTF-8"?>
<!-- Generated by org.testng.reporters.JUnitXMLReporter -->
<testsuite ignored="2" hostname="Shumson" failures="0" tests="1" name="Car Loan" time="0.013" errors="0" timestamp="2023-12-17T10:47:25 EST">
  <testcase classname="com.javatpoint.Car_loan" name="APILoginCarLoan" time="0.004"/>
  <testcase classname="com.javatpoint.Car_loan" name="MobileLoginCarLoan" time="0.0">
    <ignored/>
  </testcase> <!-- MobileLoginCarLoan -->
  <testcase classname="com.javatpoint.Car_loan" name="WebLoginCarLoan" time="0.0">
    <ignored/>
  </testcase> <!-- WebLoginCarLoan -->
</testsuite> <!-- Car Loan -->
