<?xml version="1.0" encoding="UTF-8"?>
<!-- Generated by org.testng.reporters.JUnitXMLReporter -->
<testsuite ignored="2" hostname="Shumson" failures="0" tests="1" name="Personal Loan" time="0.166" errors="0" timestamp="2023-12-17T10:47:25 EST">
  <testcase classname="com.javatpoint.Personal_loan" name="WebLoginPersonalLoan" time="0.027"/>
  <testcase classname="com.javatpoint.Personal_loan" name="APILoginPersonalLoan" time="0.0">
    <ignored/>
  </testcase> <!-- APILoginPersonalLoan -->
  <testcase classname="com.javatpoint.Personal_loan" name="MobileLoginPersonalLoan" time="0.0">
    <ignored/>
  </testcase> <!-- MobileLoginPersonalLoan -->
</testsuite> <!-- Personal Loan -->
