<?xml version="1.0" encoding="UTF-8"?>
<!-- Generated by org.testng.reporters.JUnitXMLReporter -->
<testsuite ignored="0" hostname="Shumson" failures="0" tests="4" name="parameterize Test" time="16.618" errors="0" timestamp="2023-12-10T09:13:33 EST">
  <testcase classname="basicparameterazation.Data_Provider" name="RegisteringNewUser" time="0.013"/>
  <testcase classname="basicparameterazation.Data_Provider" name="RegisteringNewUser" time="0.002"/>
  <testcase classname="basicparameterazation.Data_Provider" name="RegisteringNewUser" time="0.002"/>
  <testcase classname="basicparameterazation.Parameterization_tngxml" name="SetUp" time="16.503"/>
</testsuite> <!-- parameterize Test -->
